<?xml version="1.0" encoding="UTF-8"?>
<testsuite name="in.skillyards.calltracker.prefs.CallPreferencesTest" tests="3" skipped="0" failures="0" errors="0" timestamp="2026-05-30T05:56:21.088Z" hostname="chakresh-Mandolin-PCO" time="2.919">
  <properties/>
  <testcase name="testTelecallerIdPersistence" classname="in.skillyards.calltracker.prefs.CallPreferencesTest" time="2.894"/>
  <testcase name="testDefaultApiBaseUrl" classname="in.skillyards.calltracker.prefs.CallPreferencesTest" time="0.011"/>
  <testcase name="testServiceActiveStatus" classname="in.skillyards.calltracker.prefs.CallPreferencesTest" time="0.014"/>
  <system-out><![CDATA[]]></system-out>
  <system-err><![CDATA[]]></system-err>
</testsuite>
